<?xml version="1.0" encoding="UTF-8"?>
<!-- Generated by org.testng.reporters.JUnitReportReporter -->
<testsuite hostname="User" failures="0" tests="1" name="com.betsson.FE.runner.MainRunner" time="9.955" errors="1" timestamp="17 Feb 2019 16:03:36 GMT">
  <testcase classname="com.betsson.FE.runner.MainRunner" name="feature" time="9.955">
    <error message="java.lang.AssertionError: Unable to wait and click on the WebElement, using locator: &lt;[[ChromeDriver: chrome on XP (32ddc4906bd41364be4559be0befb9b6)] -&gt; xpath: /html/body/ion-app/ion-picker-cmp/div/div[1]/div[2]/button]&gt;" type="cucumber.runtime.CucumberException">
      <![CDATA[cucumber.runtime.CucumberException: java.lang.AssertionError: Unable to wait and click on the WebElement, using locator: <[[ChromeDriver: chrome on XP (32ddc4906bd41364be4559be0befb9b6)] -> xpath: /html/body/ion-app/ion-picker-cmp/div/div[1]/div[2]/button]>
	at cucumber.api.testng.TestNGCucumberRunner.runCucumber(TestNGCucumberRunner.java:69)
	at cucumber.api.testng.AbstractTestNGCucumberTests.feature(AbstractTestNGCucumberTests.java:21)
	at java.base/jdk.internal.reflect.NativeMethodAccessorImpl.invoke0(Native Method)
	at java.base/jdk.internal.reflect.NativeMethodAccessorImpl.invoke(Unknown Source)
	at java.base/jdk.internal.reflect.DelegatingMethodAccessorImpl.invoke(Unknown Source)
	at java.base/java.lang.reflect.Method.invoke(Unknown Source)
	at org.testng.internal.MethodInvocationHelper.invokeMethod(MethodInvocationHelper.java:86)
	at org.testng.internal.Invoker.invokeMethod(Invoker.java:643)
	at org.testng.internal.Invoker.invokeTestMethod(Invoker.java:820)
	at org.testng.internal.Invoker.invokeTestMethods(Invoker.java:1128)
	at org.testng.internal.TestMethodWorker.invokeTestMethods(TestMethodWorker.java:129)
	at org.testng.internal.TestMethodWorker.run(TestMethodWorker.java:112)
	at org.testng.TestRunner.privateRun(TestRunner.java:782)
	at org.testng.TestRunner.run(TestRunner.java:632)
	at org.testng.SuiteRunner.runTest(SuiteRunner.java:366)
	at org.testng.SuiteRunner.runSequentially(SuiteRunner.java:361)
	at org.testng.SuiteRunner.privateRun(SuiteRunner.java:319)
	at org.testng.SuiteRunner.run(SuiteRunner.java:268)
	at org.testng.SuiteRunnerWorker.runSuite(SuiteRunnerWorker.java:52)
	at org.testng.SuiteRunnerWorker.run(SuiteRunnerWorker.java:86)
	at org.testng.TestNG.runSuitesSequentially(TestNG.java:1244)
	at org.testng.TestNG.runSuitesLocally(TestNG.java:1169)
	at org.testng.TestNG.run(TestNG.java:1064)
	at org.testng.remote.AbstractRemoteTestNG.run(AbstractRemoteTestNG.java:114)
	at org.testng.remote.RemoteTestNG.initAndRun(RemoteTestNG.java:251)
	at org.testng.remote.RemoteTestNG.main(RemoteTestNG.java:77)
Caused by: java.lang.AssertionError: Unable to wait and click on the WebElement, using locator: <[[ChromeDriver: chrome on XP (32ddc4906bd41364be4559be0befb9b6)] -> xpath: /html/body/ion-app/ion-picker-cmp/div/div[1]/div[2]/button]>
	at org.junit.Assert.fail(Assert.java:88)
	at com.betsson.FE.pageobject.base.BasePage.waitAndClickElement(BasePage.java:34)
	at com.betsson.FE.pageobject.RegisterPage.SetDOB(RegisterPage.java:85)
	at com.betsson.FE.steps.LoginSteps.i_register_a_new_user_successfully(LoginSteps.java:27)
	at âœ½.When I register a new user successfully(Login.feature:6)
]]>
    </error>
  </testcase> <!-- feature -->
</testsuite> <!-- com.betsson.FE.runner.MainRunner -->
